This is pdfTeX, Version 3.141592653-2.6-1.40.24 (MiKTeX 22.10) (preloaded format=pdflatex 2023.2.19)  5 MAY 2024 13:39
entering extended mode
 restricted \write18 enabled.
 %&-line parsing enabled.
**./FinalReport.tex
(FinalReport.tex
LaTeX2e <2022-06-01> patch level 5
L3 programming layer <2022-09-28>
(C:\Users\wrmag\AppData\Local\Programs\MiKTeX\tex/latex/base\article.cls
Document Class: article 2021/10/04 v1.4n Standard LaTeX document class
(C:\Users\wrmag\AppData\Local\Programs\MiKTeX\tex/latex/base\size11.clo
File: size11.clo 2021/10/04 v1.4n Standard LaTeX file (size option)
)
\c@part=\count185
\c@section=\count186
\c@subsection=\count187
\c@subsubsection=\count188
\c@paragraph=\count189
\c@subparagraph=\count190
\c@figure=\count191
\c@table=\count192
\abovecaptionskip=\skip47
\belowcaptionskip=\skip48
\bibindent=\dimen138
)
(C:\Users\wrmag\AppData\Local\Programs\MiKTeX\tex/latex/geometry\geometry.sty
Package: geometry 2020/01/02 v5.9 Page Geometry

(C:\Users\wrmag\AppData\Local\Programs\MiKTeX\tex/latex/graphics\keyval.sty
Package: keyval 2022/05/29 v1.15 key=value parser (DPC)
\KV@toks@=\toks16
)
(C:\Users\wrmag\AppData\Local\Programs\MiKTeX\tex/generic/iftex\ifvtex.sty
Package: ifvtex 2019/10/25 v1.7 ifvtex legacy package. Use iftex instead.

(C:\Users\wrmag\AppData\Local\Programs\MiKTeX\tex/generic/iftex\iftex.sty
Package: iftex 2022/02/03 v1.0f TeX engine tests
))
\Gm@cnth=\count193
\Gm@cntv=\count194
\c@Gm@tempcnt=\count195
\Gm@bindingoffset=\dimen139
\Gm@wd@mp=\dimen140
\Gm@odd@mp=\dimen141
\Gm@even@mp=\dimen142
\Gm@layoutwidth=\dimen143
\Gm@layoutheight=\dimen144
\Gm@layouthoffset=\dimen145
\Gm@layoutvoffset=\dimen146
\Gm@dimlist=\toks17

(C:\Users\wrmag\AppData\Local\Programs\MiKTeX\tex/latex/geometry\geometry.cfg))
(C:\Users\wrmag\AppData\Local\Programs\MiKTeX\tex/latex/graphics\graphicx.sty
Package: graphicx 2021/09/16 v1.2d Enhanced LaTeX Graphics (DPC,SPQR)

(C:\Users\wrmag\AppData\Local\Programs\MiKTeX\tex/latex/graphics\graphics.sty
Package: graphics 2022/03/10 v1.4e Standard LaTeX Graphics (DPC,SPQR)

(C:\Users\wrmag\AppData\Local\Programs\MiKTeX\tex/latex/graphics\trig.sty
Package: trig 2021/08/11 v1.11 sin cos tan (DPC)
)
(C:\Users\wrmag\AppData\Local\Programs\MiKTeX\tex/latex/graphics-cfg\graphics.c
fg
File: graphics.cfg 2016/06/04 v1.11 sample graphics configuration
)
Package graphics Info: Driver file: pdftex.def on input line 107.

(C:\Users\wrmag\AppData\Local\Programs\MiKTeX\tex/latex/graphics-def\pdftex.def
File: pdftex.def 2022/09/22 v1.2b Graphics/color driver for pdftex
\stockwidth=\dimen147
\stockheight=\dimen148
))
\Gin@req@height=\dimen149
\Gin@req@width=\dimen150
) (C:\Users\wrmag\AppData\Local\Programs\MiKTeX\tex/latex/amsmath\amsmath.sty
Package: amsmath 2022/04/08 v2.17n AMS math features
\@mathmargin=\skip49
For additional information on amsmath, use the `?' option.
(C:\Users\wrmag\AppData\Local\Programs\MiKTeX\tex/latex/amsmath\amstext.sty
Package: amstext 2021/08/26 v2.01 AMS text

(C:\Users\wrmag\AppData\Local\Programs\MiKTeX\tex/latex/amsmath\amsgen.sty
File: amsgen.sty 1999/11/30 v2.0 generic functions
\@emptytoks=\toks18
\ex@=\dimen151
))
(C:\Users\wrmag\AppData\Local\Programs\MiKTeX\tex/latex/amsmath\amsbsy.sty
Package: amsbsy 1999/11/29 v1.2d Bold Symbols
\pmbraise@=\dimen152
)
(C:\Users\wrmag\AppData\Local\Programs\MiKTeX\tex/latex/amsmath\amsopn.sty
Package: amsopn 2022/04/08 v2.04 operator names
)
\inf@bad=\count196
LaTeX Info: Redefining \frac on input line 234.
\uproot@=\count197
\leftroot@=\count198
LaTeX Info: Redefining \overline on input line 399.
LaTeX Info: Redefining \colon on input line 410.
\classnum@=\count199
\DOTSCASE@=\count266
LaTeX Info: Redefining \ldots on input line 496.
LaTeX Info: Redefining \dots on input line 499.
LaTeX Info: Redefining \cdots on input line 620.
\Mathstrutbox@=\box51
\strutbox@=\box52
LaTeX Info: Redefining \big on input line 722.
LaTeX Info: Redefining \Big on input line 723.
LaTeX Info: Redefining \bigg on input line 724.
LaTeX Info: Redefining \Bigg on input line 725.
\big@size=\dimen153
LaTeX Font Info:    Redeclaring font encoding OML on input line 743.
LaTeX Font Info:    Redeclaring font encoding OMS on input line 744.
\macc@depth=\count267
LaTeX Info: Redefining \bmod on input line 905.
LaTeX Info: Redefining \pmod on input line 910.
LaTeX Info: Redefining \smash on input line 940.
LaTeX Info: Redefining \relbar on input line 970.
LaTeX Info: Redefining \Relbar on input line 971.
\c@MaxMatrixCols=\count268
\dotsspace@=\muskip16
\c@parentequation=\count269
\dspbrk@lvl=\count270
\tag@help=\toks19
\row@=\count271
\column@=\count272
\maxfields@=\count273
\andhelp@=\toks20
\eqnshift@=\dimen154
\alignsep@=\dimen155
\tagshift@=\dimen156
\tagwidth@=\dimen157
\totwidth@=\dimen158
\lineht@=\dimen159
\@envbody=\toks21
\multlinegap=\skip50
\multlinetaggap=\skip51
\mathdisplay@stack=\toks22
LaTeX Info: Redefining \[ on input line 2953.
LaTeX Info: Redefining \] on input line 2954.
)
(C:\Users\wrmag\AppData\Local\Programs\MiKTeX\tex/latex/hyperref\hyperref.sty
Package: hyperref 2022-09-22 v7.00t Hypertext links for LaTeX

(C:\Users\wrmag\AppData\Local\Programs\MiKTeX\tex/generic/ltxcmds\ltxcmds.sty
Package: ltxcmds 2020-05-10 v1.25 LaTeX kernel commands for general use (HO)
)
(C:\Users\wrmag\AppData\Local\Programs\MiKTeX\tex/generic/pdftexcmds\pdftexcmds
.sty
Package: pdftexcmds 2020-06-27 v0.33 Utility functions of pdfTeX for LuaTeX (HO
)

(C:\Users\wrmag\AppData\Local\Programs\MiKTeX\tex/generic/infwarerr\infwarerr.s
ty
Package: infwarerr 2019/12/03 v1.5 Providing info/warning/error messages (HO)
)
Package pdftexcmds Info: \pdf@primitive is available.
Package pdftexcmds Info: \pdf@ifprimitive is available.
Package pdftexcmds Info: \pdfdraftmode found.
)
(C:\Users\wrmag\AppData\Local\Programs\MiKTeX\tex/latex/kvsetkeys\kvsetkeys.sty
Package: kvsetkeys 2022-10-05 v1.19 Key value parser (HO)
)
(C:\Users\wrmag\AppData\Local\Programs\MiKTeX\tex/generic/kvdefinekeys\kvdefine
keys.sty
Package: kvdefinekeys 2019-12-19 v1.6 Define keys (HO)
)
(C:\Users\wrmag\AppData\Local\Programs\MiKTeX\tex/generic/pdfescape\pdfescape.s
ty
Package: pdfescape 2019/12/09 v1.15 Implements pdfTeX's escape features (HO)
) (C:\Users\wrmag\AppData\Local\Programs\MiKTeX\tex/latex/hycolor\hycolor.sty
Package: hycolor 2020-01-27 v1.10 Color options for hyperref/bookmark (HO)
)
(C:\Users\wrmag\AppData\Local\Programs\MiKTeX\tex/latex/letltxmacro\letltxmacro
.sty
Package: letltxmacro 2019/12/03 v1.6 Let assignment for LaTeX macros (HO)
)
(C:\Users\wrmag\AppData\Local\Programs\MiKTeX\tex/latex/auxhook\auxhook.sty
Package: auxhook 2019-12-17 v1.6 Hooks for auxiliary files (HO)
)
(C:\Users\wrmag\AppData\Local\Programs\MiKTeX\tex/latex/hyperref\nameref.sty
Package: nameref 2022-05-17 v2.50 Cross-referencing by name of section

(C:\Users\wrmag\AppData\Local\Programs\MiKTeX\tex/latex/refcount\refcount.sty
Package: refcount 2019/12/15 v3.6 Data extraction from label references (HO)
)
(C:\Users\wrmag\AppData\Local\Programs\MiKTeX\tex/generic/gettitlestring\gettit
lestring.sty
Package: gettitlestring 2019/12/15 v1.6 Cleanup title references (HO)

(C:\Users\wrmag\AppData\Local\Programs\MiKTeX\tex/latex/kvoptions\kvoptions.sty
Package: kvoptions 2022-06-15 v3.15 Key value format for package options (HO)
))
\c@section@level=\count274
)
\@linkdim=\dimen160
\Hy@linkcounter=\count275
\Hy@pagecounter=\count276
 (C:\Users\wrmag\AppData\Local\Programs\MiKTeX\tex/latex/hyperref\pd1enc.def
File: pd1enc.def 2022-09-22 v7.00t Hyperref: PDFDocEncoding definition (HO)
Now handling font encoding PD1 ...
... no UTF-8 mapping file for font encoding PD1
) (C:\Users\wrmag\AppData\Local\Programs\MiKTeX\tex/generic/intcalc\intcalc.sty
Package: intcalc 2019/12/15 v1.3 Expandable calculations with integers (HO)
)
(C:\Users\wrmag\AppData\Local\Programs\MiKTeX\tex/generic/etexcmds\etexcmds.sty
Package: etexcmds 2019/12/15 v1.7 Avoid name clashes with e-TeX commands (HO)
)
\Hy@SavedSpaceFactor=\count277
 (C:\Users\wrmag\AppData\Local\Programs\MiKTeX\tex/latex/hyperref\puenc.def
File: puenc.def 2022-09-22 v7.00t Hyperref: PDF Unicode definition (HO)
Now handling font encoding PU ...
... no UTF-8 mapping file for font encoding PU
)
Package hyperref Info: Hyper figures OFF on input line 4162.
Package hyperref Info: Link nesting OFF on input line 4167.
Package hyperref Info: Hyper index ON on input line 4170.
Package hyperref Info: Plain pages OFF on input line 4177.
Package hyperref Info: Backreferencing OFF on input line 4182.
Package hyperref Info: Implicit mode ON; LaTeX internals redefined.
Package hyperref Info: Bookmarks ON on input line 4410.
\c@Hy@tempcnt=\count278

(C:\Users\wrmag\AppData\Local\Programs\MiKTeX\tex/latex/url\url.sty
\Urlmuskip=\muskip17
Package: url 2013/09/16  ver 3.4  Verb mode for urls, etc.
)
LaTeX Info: Redefining \url on input line 4748.
\XeTeXLinkMargin=\dimen161

(C:\Users\wrmag\AppData\Local\Programs\MiKTeX\tex/generic/bitset\bitset.sty
Package: bitset 2019/12/09 v1.3 Handle bit-vector datatype (HO)

(C:\Users\wrmag\AppData\Local\Programs\MiKTeX\tex/generic/bigintcalc\bigintcalc
.sty
Package: bigintcalc 2019/12/15 v1.5 Expandable calculations on big integers (HO
)
))
\Fld@menulength=\count279
\Field@Width=\dimen162
\Fld@charsize=\dimen163
Package hyperref Info: Hyper figures OFF on input line 6027.
Package hyperref Info: Link nesting OFF on input line 6032.
Package hyperref Info: Hyper index ON on input line 6035.
Package hyperref Info: backreferencing OFF on input line 6042.
Package hyperref Info: Link coloring OFF on input line 6047.
Package hyperref Info: Link coloring with OCG OFF on input line 6052.
Package hyperref Info: PDF/A mode OFF on input line 6057.

(C:\Users\wrmag\AppData\Local\Programs\MiKTeX\tex/latex/base\atbegshi-ltx.sty
Package: atbegshi-ltx 2021/01/10 v1.0c Emulation of the original atbegshi
package with kernel methods
)
\Hy@abspage=\count280
\c@Item=\count281
\c@Hfootnote=\count282
)
Package hyperref Info: Driver (autodetected): hpdftex.
(C:\Users\wrmag\AppData\Local\Programs\MiKTeX\tex/latex/hyperref\hpdftex.def
File: hpdftex.def 2022-09-22 v7.00t Hyperref driver for pdfTeX

(C:\Users\wrmag\AppData\Local\Programs\MiKTeX\tex/latex/base\atveryend-ltx.sty
Package: atveryend-ltx 2020/08/19 v1.0a Emulation of the original atveryend pac
kage
with kernel methods
)
\Fld@listcount=\count283
\c@bookmark@seq@number=\count284

(C:\Users\wrmag\AppData\Local\Programs\MiKTeX\tex/latex/rerunfilecheck\rerunfil
echeck.sty
Package: rerunfilecheck 2022-07-10 v1.10 Rerun checks for auxiliary files (HO)

(C:\Users\wrmag\AppData\Local\Programs\MiKTeX\tex/generic/uniquecounter\uniquec
ounter.sty
Package: uniquecounter 2019/12/15 v1.4 Provide unlimited unique counter (HO)
)
Package uniquecounter Info: New unique counter `rerunfilecheck' on input line 2
85.
)
\Hy@SectionHShift=\skip52
)
(C:\Users\wrmag\AppData\Local\Programs\MiKTeX\tex/latex/tools\multicol.sty
Package: multicol 2021/11/30 v1.9d multicolumn formatting (FMi)
\c@tracingmulticols=\count285


Package multicol Warning: May not work with the twocolumn option on input line 
143.

\mult@box=\box53
\multicol@leftmargin=\dimen164
\c@unbalance=\count286
\c@collectmore=\count287
\doublecol@number=\count288
\multicoltolerance=\count289
\multicolpretolerance=\count290
\full@width=\dimen165
\page@free=\dimen166
\premulticols=\dimen167
\postmulticols=\dimen168
\multicolsep=\skip53
\multicolbaselineskip=\skip54
\partial@page=\box54
\last@line=\box55
\maxbalancingoverflow=\dimen169
\mult@rightbox=\box56
\mult@grightbox=\box57
\mult@firstbox=\box58
\mult@gfirstbox=\box59
\@tempa=\box60
\@tempa=\box61
\@tempa=\box62
\@tempa=\box63
\@tempa=\box64
\@tempa=\box65
\@tempa=\box66
\@tempa=\box67
\@tempa=\box68
\@tempa=\box69
\@tempa=\box70
\@tempa=\box71
\@tempa=\box72
\@tempa=\box73
\@tempa=\box74
\@tempa=\box75
\@tempa=\box76
\@tempa=\box77
\@tempa=\box78
\@tempa=\box79
\@tempa=\box80
\@tempa=\box81
\@tempa=\box82
\@tempa=\box83
\@tempa=\box84
\@tempa=\box85
\@tempa=\box86
\@tempa=\box87
\@tempa=\box88
\@tempa=\box89
\@tempa=\box90
\@tempa=\box91
\@tempa=\box92
\@tempa=\box93
\@tempa=\box94
\@tempa=\box95
\c@minrows=\count291
\c@columnbadness=\count292
\c@finalcolumnbadness=\count293
\last@try=\dimen170
\multicolovershoot=\dimen171
\multicolundershoot=\dimen172
\mult@nat@firstbox=\box96
\colbreak@box=\box97
\mc@col@check@num=\count294
)
(C:\Users\wrmag\AppData\Local\Programs\MiKTeX\tex/latex/l3backend\l3backend-pdf
tex.def
File: l3backend-pdftex.def 2022-09-28 L3 backend support: PDF output (pdfTeX)
\l__color_backend_stack_int=\count295
\l__pdf_internal_box=\box98
) (FinalReport.aux)
\openout1 = `FinalReport.aux'.

LaTeX Font Info:    Checking defaults for OML/cmm/m/it on input line 13.
LaTeX Font Info:    ... okay on input line 13.
LaTeX Font Info:    Checking defaults for OMS/cmsy/m/n on input line 13.
LaTeX Font Info:    ... okay on input line 13.
LaTeX Font Info:    Checking defaults for OT1/cmr/m/n on input line 13.
LaTeX Font Info:    ... okay on input line 13.
LaTeX Font Info:    Checking defaults for T1/cmr/m/n on input line 13.
LaTeX Font Info:    ... okay on input line 13.
LaTeX Font Info:    Checking defaults for TS1/cmr/m/n on input line 13.
LaTeX Font Info:    ... okay on input line 13.
LaTeX Font Info:    Checking defaults for OMX/cmex/m/n on input line 13.
LaTeX Font Info:    ... okay on input line 13.
LaTeX Font Info:    Checking defaults for U/cmr/m/n on input line 13.
LaTeX Font Info:    ... okay on input line 13.
LaTeX Font Info:    Checking defaults for PD1/pdf/m/n on input line 13.
LaTeX Font Info:    ... okay on input line 13.
LaTeX Font Info:    Checking defaults for PU/pdf/m/n on input line 13.
LaTeX Font Info:    ... okay on input line 13.

*geometry* driver: auto-detecting
*geometry* detected driver: pdftex
*geometry* verbose mode - [ preamble ] result:
* driver: pdftex
* paper: <default>
* layout: <same size as paper>
* layoutoffset:(h,v)=(0.0pt,0.0pt)
* modes: 
* h-part:(L,W,R)=(72.26999pt, 469.75502pt, 72.26999pt)
* v-part:(T,H,B)=(72.26999pt, 650.43001pt, 72.26999pt)
* \paperwidth=614.295pt
* \paperheight=794.96999pt
* \textwidth=469.75502pt
* \textheight=650.43001pt
* \oddsidemargin=0.0pt
* \evensidemargin=0.0pt
* \topmargin=-37.0pt
* \headheight=12.0pt
* \headsep=25.0pt
* \topskip=11.0pt
* \footskip=30.0pt
* \marginparwidth=4.0pt
* \marginparsep=10.0pt
* \columnsep=10.0pt
* \skip\footins=10.0pt plus 4.0pt minus 2.0pt
* \hoffset=0.0pt
* \voffset=0.0pt
* \mag=1000
* \@twocolumntrue
* \@twosidefalse
* \@mparswitchfalse
* \@reversemarginfalse
* (1in=72.27pt=25.4mm, 1cm=28.453pt)


(C:\Users\wrmag\AppData\Local\Programs\MiKTeX\tex/context/base/mkii\supp-pdf.mk
ii
[Loading MPS to PDF converter (version 2006.09.02).]
\scratchcounter=\count296
\scratchdimen=\dimen173
\scratchbox=\box99
\nofMPsegments=\count297
\nofMParguments=\count298
\everyMPshowfont=\toks23
\MPscratchCnt=\count299
\MPscratchDim=\dimen174
\MPnumerator=\count300
\makeMPintoPDFobject=\count301
\everyMPtoPDFconversion=\toks24
)
(C:\Users\wrmag\AppData\Local\Programs\MiKTeX\tex/latex/epstopdf-pkg\epstopdf-b
ase.sty
Package: epstopdf-base 2020-01-24 v2.11 Base part for package epstopdf
Package epstopdf-base Info: Redefining graphics rule for `.eps' on input line 4
85.

(C:\Users\wrmag\AppData\Local\Programs\MiKTeX\tex/latex/00miktex\epstopdf-sys.c
fg
File: epstopdf-sys.cfg 2021/03/18 v2.0 Configuration of epstopdf for MiKTeX
))
Package hyperref Info: Link coloring OFF on input line 13.
 (FinalReport.out) (FinalReport.out)
\@outlinefile=\write3
\openout3 = `FinalReport.out'.


Underfull \hbox (badness 1675) in paragraph at lines 22--25
\OT1/cmr/m/n/10.95 ers (SS) have been iden-ti-fied as im-por-tant
 []


Underfull \hbox (badness 1082) in paragraph at lines 22--25
\OT1/cmr/m/n/10.95 pro-cesses to un-der-stand-ing the spread-ing of
 []


Underfull \hbox (badness 1038) in paragraph at lines 22--25
\OT1/cmr/m/n/10.95 by the num-ber of new trans-mis-sion vec-tors
 []


Underfull \hbox (badness 2318) in paragraph at lines 22--25
\OT1/cmr/m/n/10.95 math-e-mat-i-cal tools avail-able to model and
 []


Underfull \hbox (badness 2856) in paragraph at lines 22--25
\OT1/cmr/m/n/10.95 an-a-lyze this be-hav-ior, stochas-tic branch-ing
 []


Underfull \hbox (badness 10000) in paragraph at lines 22--25

 []


Underfull \hbox (badness 4181) in paragraph at lines 22--25
\OT1/cmr/m/n/10.95 Stochastic mod-els have the ad-van-tages of
 []


Underfull \hbox (badness 1603) in paragraph at lines 22--25
\OT1/cmr/m/n/10.95 sim-pler. In pre-vi-ous works [[]], branch-ing
 []


Underfull \hbox (badness 3291) in paragraph at lines 22--25
\OT1/cmr/m/n/10.95 SARS-CoV-2 data and de-ter-mine that $\OML/cmm/m/it/10.95 R[
]$
 []


Underfull \hbox (badness 4479) in paragraph at lines 22--25
\OT1/cmr/m/n/10.95 dis-tri-bu-tions fol-low-ing a neg-a-tive bi-no-mial
 []


Underfull \hbox (badness 10000) in paragraph at lines 22--25

 []


Underfull \hbox (badness 1142) in paragraph at lines 22--25
\OT1/cmr/m/n/10.95 Some mod-els of net-work for-ma-tion [[]] sug-
 []


Underfull \hbox (badness 10000) in paragraph at lines 30--33

 []


Underfull \hbox (badness 1275) in paragraph at lines 30--33
\OT1/cmr/m/n/10.95 The three el-e-ments of this model that de-
 []

[1{C:/Users/wrmag/AppData/Local/MiKTeX/fonts/map/pdftex/pdftex.map}


]
Underfull \hbox (badness 10000) in paragraph at lines 44--47

 []


Underfull \hbox (badness 2726) in paragraph at lines 44--47
\OT1/cmr/m/n/10.95 Next, the in-fec-tious-ness, $\OML/cmm/m/it/10.95 p$\OT1/cmr
/m/n/10.95 , or prob-a-bil-ity
 []


Underfull \hbox (badness 2119) in paragraph at lines 52--55
\OT1/cmr/m/n/10.95 the in-fec-tious-ness of a par-tic-u-lar strain of
 []


Underfull \hbox (badness 10000) in paragraph at lines 52--55

 []


Underfull \hbox (badness 10000) in paragraph at lines 52--55
\OT1/cmr/m/n/10.95 The two com-mon mod-els of vac-ci-na-tion
 []


Package hyperref Warning: Suppressing empty link on input line 68.

[2]
Underfull \hbox (badness 3302) in paragraph at lines 83--84
[]\OT1/cmr/m/n/10.95 If the vac-cine is 'leaky', then $\OML/cmm/m/it/10.95 i[] 
\OT1/cmr/m/n/10.95 =
 []


Underfull \hbox (badness 1147) in paragraph at lines 92--95
[]\OT1/cmr/m/n/10.95 but will not be of much an-a-lyt-i-cal help,
 []


Underfull \hbox (badness 10000) in paragraph at lines 92--95

 []


Underfull \hbox (badness 1406) in paragraph at lines 92--95
\OT1/cmr/m/n/10.95 dis-tri-bu-tion, there are no is-sues with their
 []


Underfull \hbox (badness 10000) in paragraph at lines 92--95

 []


Underfull \hbox (badness 3407) in paragraph at lines 92--95
\OT1/cmr/m/n/10.95 For a fair com-par-i-son be-tween EOD and
 []


Underfull \hbox (badness 10000) in paragraph at lines 92--95

 []


Underfull \hbox (badness 10000) in paragraph at lines 92--95

 []


Package hyperref Warning: Suppressing empty link on input line 96.


Package hyperref Warning: Token not allowed in a PDF string (Unicode):
(hyperref)                removing `math shift' on input line 98.


Package hyperref Warning: Token not allowed in a PDF string (Unicode):
(hyperref)                removing `subscript' on input line 98.


Package hyperref Warning: Token not allowed in a PDF string (Unicode):
(hyperref)                removing `math shift' on input line 98.

<YuleNoVaccSweep.png, id=52, 462.528pt x 346.896pt>
File: YuleNoVaccSweep.png Graphic file (type png)
<use YuleNoVaccSweep.png>
Package pdftex.def Info: YuleNoVaccSweep.png  used on input line 101.
(pdftex.def)             Requested size: 231.26343pt x 173.44757pt.

Overfull \hbox (1.38593pt too wide) in paragraph at lines 101--102
 [][] 
 []

<NBNoVaccSweep.png, id=54, 462.528pt x 346.896pt>
File: NBNoVaccSweep.png Graphic file (type png)
<use NBNoVaccSweep.png>
Package pdftex.def Info: NBNoVaccSweep.png  used on input line 107.
(pdftex.def)             Requested size: 231.26343pt x 173.44757pt.

Overfull \hbox (1.38593pt too wide) in paragraph at lines 107--108
 [][] 
 []


Underfull \hbox (badness 1931) in paragraph at lines 111--112
\OT1/cmr/m/n/10.95 dis-tri-bu-tions have close $\OML/cmm/m/it/10.95 R[]$ \OT1/c
mr/m/n/10.95 that is greater
 []


Underfull \hbox (badness 10000) in paragraph at lines 111--112

 []


Underfull \hbox (badness 10000) in paragraph at lines 111--112

 []

[3 <./YuleNoVaccSweep.png>]
<betadist.png, id=73, 462.528pt x 346.896pt>
File: betadist.png Graphic file (type png)
<use betadist.png>
Package pdftex.def Info: betadist.png  used on input line 115.
(pdftex.def)             Requested size: 231.26343pt x 173.44757pt.

Overfull \hbox (1.38593pt too wide) in paragraph at lines 115--116
 [][] 
 []

<nb_yule_r0.png, id=75, 462.528pt x 346.896pt>
File: nb_yule_r0.png Graphic file (type png)
<use nb_yule_r0.png>
Package pdftex.def Info: nb_yule_r0.png  used on input line 124.
(pdftex.def)             Requested size: 231.26343pt x 173.44757pt.

Overfull \hbox (1.38593pt too wide) in paragraph at lines 124--125
 [][] 
 []

[4 <./NBNoVaccSweep.png> <./betadist.png> <./nb_yule_r0.png>]
<nb_yule_finite_outbreaks.png, id=88, 462.528pt x 346.896pt>
File: nb_yule_finite_outbreaks.png Graphic file (type png)
<use nb_yule_finite_outbreaks.png>
Package pdftex.def Info: nb_yule_finite_outbreaks.png  used on input line 134.
(pdftex.def)             Requested size: 231.26343pt x 173.44757pt.

Overfull \hbox (1.38593pt too wide) in paragraph at lines 134--135
 [][] 
 []

<YuleVaccComparison.png, id=90, 462.528pt x 346.896pt>
File: YuleVaccComparison.png Graphic file (type png)
<use YuleVaccComparison.png>
Package pdftex.def Info: YuleVaccComparison.png  used on input line 144.
(pdftex.def)             Requested size: 231.26343pt x 173.44757pt.

Overfull \hbox (1.38593pt too wide) in paragraph at lines 144--145
 [][] 
 []

<YuleVaccEffComparison.png, id=93, 462.528pt x 346.896pt>
File: YuleVaccEffComparison.png Graphic file (type png)
<use YuleVaccEffComparison.png>
Package pdftex.def Info: YuleVaccEffComparison.png  used on input line 153.
(pdftex.def)             Requested size: 231.26343pt x 173.44757pt.

Overfull \hbox (1.38593pt too wide) in paragraph at lines 153--154
 [][] 
 []


Underfull \hbox (badness 10000) in paragraph at lines 149--157

 []


Underfull \hbox (badness 1540) in paragraph at lines 149--157
\OT1/cmr/m/n/10.95 Fig. []7[] shows how the EOD re-sponds to
 []


Underfull \hbox (badness 10000) in paragraph at lines 149--157

 []


Underfull \vbox (badness 10000) has occurred while \output is active []

 [5 <./nb_yule_finite_outbreaks.png> <./YuleVaccComparison.png>]
Underfull \hbox (badness 1715) in paragraph at lines 164--166
\OT1/cmr/m/n/10.95 The best ex-pla-na-tion for the dif-fer-ences is
 []


Underfull \hbox (badness 1337) in paragraph at lines 164--166
\OT1/cmr/m/n/10.95 that EOD is sen-si-tive to the in-fec-tious-ness
 []


Underfull \hbox (badness 1810) in paragraph at lines 164--166
\OT1/cmr/m/n/10.95 frac-tion-ally re-duce the sec-ondary in-fec-tions,
 []


Underfull \hbox (badness 10000) in paragraph at lines 164--166

 []


Underfull \hbox (badness 2922) in paragraph at lines 164--166
\OT1/cmr/m/n/10.95 This breif sur-vey high-lights some in-ter-est-
 []


Underfull \hbox (badness 1629) in paragraph at lines 164--166
\OT1/cmr/m/n/10.95 model to real-world epi-demic data has yet
 []

[6 <./YuleVaccEffComparison.png>] (FinalReport.bbl
Underfull \hbox (badness 1107) in paragraph at lines 4--7
[]\OT1/cmr/m/n/10.95 R^^Seka Al-bert and Albert-L^^Saszl^^So Barab^^Sasi.
 []

)
Underfull \hbox (badness 10000) in paragraph at lines 170--172

 []


Underfull \hbox (badness 2591) in paragraph at lines 170--172
\OT1/cmr/m/n/10.95 the gen-eral sec-ondary in-fec-tion dis-tri-bu-tion
 []


Underfull \hbox (badness 3635) in paragraph at lines 170--172
\OT1/cmr/m/n/10.95 tions be-have dif-fer-ently on the vac-ci-nated
 []

[7] (FinalReport.aux)
Package rerunfilecheck Info: File `FinalReport.out' has not changed.
(rerunfilecheck)             Checksum: DC201F18540D6709658B211C40696E83;268.
 ) 
Here is how much of TeX's memory you used:
 9567 strings out of 475385
 152610 string characters out of 2776907
 515522 words of memory out of 3000000
 30784 multiletter control sequences out of 15000+600000
 475366 words of font info for 49 fonts, out of 8000000 for 9000
 1141 hyphenation exceptions out of 8191
 72i,9n,77p,1118b,519s stack positions out of 10000i,1000n,20000p,200000b,80000s
<C:/Users/wrmag/AppData/Local/Programs/MiKTeX/fonts/type1/public/amsfonts/cm/
cmbx12.pfb><C:/Users/wrmag/AppData/Local/Programs/MiKTeX/fonts/type1/public/ams
fonts/cm/cmex10.pfb><C:/Users/wrmag/AppData/Local/Programs/MiKTeX/fonts/type1/p
ublic/amsfonts/cm/cmmi10.pfb><C:/Users/wrmag/AppData/Local/Programs/MiKTeX/font
s/type1/public/amsfonts/cm/cmmi12.pfb><C:/Users/wrmag/AppData/Local/Programs/Mi
KTeX/fonts/type1/public/amsfonts/cm/cmmi6.pfb><C:/Users/wrmag/AppData/Local/Pro
grams/MiKTeX/fonts/type1/public/amsfonts/cm/cmmi8.pfb><C:/Users/wrmag/AppData/L
ocal/Programs/MiKTeX/fonts/type1/public/amsfonts/cm/cmr10.pfb><C:/Users/wrmag/A
ppData/Local/Programs/MiKTeX/fonts/type1/public/amsfonts/cm/cmr12.pfb><C:/Users
/wrmag/AppData/Local/Programs/MiKTeX/fonts/type1/public/amsfonts/cm/cmr17.pfb><
C:/Users/wrmag/AppData/Local/Programs/MiKTeX/fonts/type1/public/amsfonts/cm/cmr
6.pfb><C:/Users/wrmag/AppData/Local/Programs/MiKTeX/fonts/type1/public/amsfonts
/cm/cmr8.pfb><C:/Users/wrmag/AppData/Local/Programs/MiKTeX/fonts/type1/public/a
msfonts/cm/cmsy10.pfb><C:/Users/wrmag/AppData/Local/Programs/MiKTeX/fonts/type1
/public/amsfonts/cm/cmsy6.pfb><C:/Users/wrmag/AppData/Local/Programs/MiKTeX/fon
ts/type1/public/amsfonts/cm/cmsy8.pfb><C:/Users/wrmag/AppData/Local/Programs/Mi
KTeX/fonts/type1/public/amsfonts/cm/cmti10.pfb>
Output written on FinalReport.pdf (7 pages, 392099 bytes).
PDF statistics:
 201 PDF objects out of 1000 (max. 8388607)
 51 named destinations out of 1000 (max. 500000)
 44 words of extra memory for PDF output out of 10000 (max. 10000000)

